Starting project at /app
Starting Metro Bundler
The following packages should be updated for best compatibility with the installed expo version:
  react-native-worklets@0.8.1 - expected version: 0.5.1
Your project may not work correctly until you install the expected versions of the packages.
Waiting on http://localhost:8081
Logs for your project will appear below.
Web node_modules/expo-router/entry.js ‚ĖĎ‚ĖĎ‚ĖĎ‚ĖĎ‚ĖĎ‚ĖĎ‚ĖĎ‚ĖĎ‚ĖĎ‚ĖĎ‚ĖĎ‚ĖĎ‚ĖĎ‚ĖĎ‚ĖĎ‚ĖĎ  0.0% (0/1)
Web node_modules/expo-router/entry.js ‚Ėď‚Ėď‚Ėď‚Ėď‚Ėď‚Ėď‚Ėď‚Ėď‚Ėď‚ĖĎ‚ĖĎ‚ĖĎ‚ĖĎ‚ĖĎ‚ĖĎ‚ĖĎ 56.3% ( 75/235)
Web node_modules/expo-router/entry.js ‚Ėď‚Ėď‚Ėď‚Ėď‚Ėď‚Ėď‚Ėď‚Ėď‚Ėď‚ĖĎ‚ĖĎ‚ĖĎ‚ĖĎ‚ĖĎ‚ĖĎ‚ĖĎ 56.3% (395/591)
Web node_modules/expo-router/entry.js ‚Ėď‚Ėď‚Ėď‚Ėď‚Ėď‚Ėď‚Ėď‚Ėď‚Ėď‚Ėď‚Ėď‚Ėď‚Ėď‚ĖĎ‚ĖĎ‚ĖĎ 87.4% ( 976/1044)
Web Bundled 11805ms node_modules/expo-router/entry.js (1180 modules)
 LOG  [web] Logs will appear in the browser console
Web Bundling failed 174ms node_modules/expo-sqlite/web/worker.ts (1 module)
Unable to resolve "./wa-sqlite/wa-sqlite.wasm" from "node_modules/expo-sqlite/web/worker.ts"
[0m [90m 20 |[39m [36mimport[39m [33mWaSQLiteFactory[39m [36mfrom[39m [32m'./wa-sqlite/wa-sqlite'[39m[33m;[39m
 [90m 21 |[39m [90m// @ts-expect-error wasm module is not typed[39m
[31m[1m>[22m[39m[90m 22 |[39m [36mimport[39m wasmModule [36mfrom[39m [32m'./wa-sqlite/wa-sqlite.wasm'[39m[33m;[39m
 [90m    |[39m                         [31m[1m^[22m[39m
 [90m 23 |[39m [36mimport[39m {
 [90m 24 |[39m   type [33mSQLiteWorkerMessage[39m[33m,[39m
 [90m 25 |[39m   type [33mSQLiteWorkerMessageType[39m[33m,[39m[0m

Import stack:

 node_modules/expo-sqlite/web/worker.ts
 | import "./wa-sqlite/wa-sqlite.wasm"

 node_modules/expo-sqlite/web/SQLiteModule.ts
 | import "./worker"

 node_modules/expo-sqlite/build/ExpoSQLite.web.js
 | import "../web/SQLiteModule"

 node_modules/expo-sqlite/build/SQLiteDatabase.js
 | import "./ExpoSQLite"

 node_modules/expo-sqlite/build/index.js
 | import "./SQLiteDatabase"

 src/database/db.ts
 | import "expo-sqlite"

 app/_layout.tsx
 | import "../src/database/db"

 app (require.context)

Web node_modules/expo-router/entry.js ‚ĖĎ‚ĖĎ‚ĖĎ‚ĖĎ‚ĖĎ‚ĖĎ‚ĖĎ‚ĖĎ‚ĖĎ‚ĖĎ‚ĖĎ‚ĖĎ‚ĖĎ‚ĖĎ‚ĖĎ‚ĖĎ  0.0% (0/1)
Web Bundled 89ms node_modules/expo-router/entry.js (1 module)
 LOG  [web] Logs will appear in the browser console
Web node_modules/expo-router/entry.js ‚ĖĎ‚ĖĎ‚ĖĎ‚ĖĎ‚ĖĎ‚ĖĎ‚ĖĎ‚ĖĎ‚ĖĎ‚ĖĎ‚ĖĎ‚ĖĎ‚ĖĎ‚ĖĎ‚ĖĎ‚ĖĎ  0.0% (0/1)
Web Bundled 67ms node_modules/expo-router/entry.js (1 module)
 LOG  [web] Logs will appear in the browser console
Web node_modules/expo-router/entry.js ‚ĖĎ‚ĖĎ‚ĖĎ‚ĖĎ‚ĖĎ‚ĖĎ‚ĖĎ‚ĖĎ‚ĖĎ‚ĖĎ‚ĖĎ‚ĖĎ‚ĖĎ‚ĖĎ‚ĖĎ‚ĖĎ  0.0% (0/1)
Web Bundled 63ms node_modules/expo-router/entry.js (1 module)
 LOG  [web] Logs will appear in the browser console
Web node_modules/expo-router/entry.js ‚ĖĎ‚ĖĎ‚ĖĎ‚ĖĎ‚ĖĎ‚ĖĎ‚ĖĎ‚ĖĎ‚ĖĎ‚ĖĎ‚ĖĎ‚ĖĎ‚ĖĎ‚ĖĎ‚ĖĎ‚ĖĎ  0.0% (0/1)
Web Bundled 57ms node_modules/expo-router/entry.js (1 module)
 LOG  [web] Logs will appear in the browser console
Web node_modules/expo-router/entry.js ‚ĖĎ‚ĖĎ‚ĖĎ‚ĖĎ‚ĖĎ‚ĖĎ‚ĖĎ‚ĖĎ‚ĖĎ‚ĖĎ‚ĖĎ‚ĖĎ‚ĖĎ‚ĖĎ‚ĖĎ‚ĖĎ  0.0% (0/1)
Web Bundled 87ms node_modules/expo-router/entry.js (1 module)
 LOG  [web] Logs will appear in the browser console
